[    .000 Initializing cgoususys cpuset
[  00000] Initiizing cgrou ssys pu[    0.000000] itializing cgroup subsys cpuacct
[    000000] Liux version 44.137-gener (ildd@lgw1-d6037) (gcceron 5.4.00160 (Ubun 5.0-6ubuntu1~16.04.10) ) #16-UntSMP Mon Sep 2134:43 UTC 2018 (Ubuntu 4.4.0-137.163-generic 4.4.144)
[    0.000000] Command line: BOOT_IMAGE=/boot/vmlinuz-4.4.0-137-generiro=LBEL=cloim-rootfsro cnse=ty1 console=yS
[    0000]KERNL ppted cpus:
  0.00000]   InteGeineIntel
[  00000]   A AheticA
  0.000000]   Centaur CentaurHauls
[    0.000000] x86/fpu: xstate_offset[22]:  576, xstate_sizes[2]:  256
[    0.000000] x86/fpu: Supporting XSAVE feature 0x01: 'x87 floating point registers'
[    0.000000] x86/fpu: Supporting XSAVE feature 0x02: 'SSE registers'
[    0.000000] x86/fpu: Supporting XSAVE feature 0x04: 'AVX registers'
[    0.000000] x86/fpu: Enabled xstate features 0x7, context size is 832 bytes, using 'standard' format.
[    0.000000] e820: BIOS-provided physical RAM map:
[    0.000000] BIOS-e820: [mem 0x0000000000000000-0x000000000009fbff] usable
[    0.000000] BIOS-e820: [mem 0x00000000009fc00-0x000000000009ffff] reserved
[    0.000000] BIOS-820: [mem 0x00000000000f0000-0x0000000fff]esrved
[    0.000000] IOe820: [mem 0x0000000000100000-0x000000003ffeffff] usable
[  0.000] BIOe8: [mem 0x000000003fff00000x000003fffffff] PIata
[   0.000] BIOS-e20[mem 0x0000000fec00000-0x00000000fec00fff] reserved
[    0.000000] BIOS-e820: [mem 0x00000000fee00000-0x00000000fee00fff] reserved
[    0.000000] BI-e20: [me0x00000fc00-0x0000000fffff] reserved
[    0.000000] NX (Execute Disable) protection: active
[    0.000000] SMBIOS 2.5 present.
[    0.000000] Hypervisor detected: KVM
[    0.000000] e820: last_pfn = 0x3fff0 max_arch_pfn = 0x400000000
[    0.000000] MTRR: Disabled
[    0.000000] x86/PAT: MTRRs disabled, skipping PATinializioto.
[   0.000000]PU MTRRs all an- irtualzesyem.
[  000000] x86/PAT: Configuration [0-7]: WB  WT  UC- UC  WB  WT  UC- UC  
[    0.000000] found SMP MP-table at [mem 0x0009fff0-0x0009ffff] mapped at [ffff88000009fff0]
[    0.000000] Scanning 1 areas for low memory corruption
[    0.000000] RAMDISK: [mem 0x3630a000-0x3717cfff]
[    0.000000] ACPI: Early table checksum verification disabled
[    0.000000] ACPI: RSDP 0x00000000000E0000 000024 (v02 VBOX )
[    0.000000] ACPI: XSDT 0x000000003FFF003000003 (v01 VBOX   VBOXXSDT 00000001 ASL  00000061)
[    0.000000] ACPI: FACP 0x000000003FFF00F0 0000F4 (v04 VBOX   VBOXFACP 00000001 ASL  00000061)
[    0.000000] ACPI: DSDT 0x000000003FFF0470 0021FF (v02 VBOX   VBOXBIOS 00000002 INTL 20100528)
[    0.000000] ACPI: FACS 0x000000003FFF0200 000040
[    0.000000] ACPI: FACS 0x000000003FFF0200 000040
[    0.000000] ACPI: APIC 0x000000003FFF0240 00005C (v02 VBOX   VBOXAPIC 00000001 ASL  00000061)
[    0.000000] ACPI: SSDT 0x000000003FFF02A0 0001CC (v01 VBOX   VBOXCPUT 0000000 IL 0100528)
[  000000]o MAconfiguratio fnd
[   0.000] Fang nde at [mem 0x0000000000000-0x00003feffff]
[    0000] NODE_DAA( aocated [mem 0x3feb0-x3ffeffff]
[  00000] kvm-clock:Usg srs 4b564d01 and 4b56400[   0.00000] kvm-clok:pu 0,sr:3fe3001, primay cpu clock
[  0.000000] kvclk:using schedofet of 3065286292 cycles
[    0.000000] clocksourc kvm-clock: mask: 0xffffffffffffffff max_cycles: 0x1cd42e4dffb, max_idle_ns: 881590591483 ns
[    0.000000] Zone ranges:
[    0.000000]   DMA      [mem 0x0000000000001000-0x0000000000ffffff]
[    0.000000]   DMA32    [mem 0x0000000001000000-0x000000003ffeffff]
[    0.000000]   Normal   empty
[  00000]   Devie   empty
[   .00000] vae zone start for each node
[    0.000000] Early memory node ranges
[    0.000000]   node   0: [mem 0x0000000000001000-0x000000000009efff]
[    0.000000]   node   0: [mem 0x0000000000100000-0x000000003ffeffff]
[    0.000000] Initmem setup node 0 [mem 0x0000000000001000-0x000000003ffeffff]
[    0.000000] ACPI: PM-Timer IO Port: 0x4008
[    0.000000] IOAPIC[0]: apic_id 2, version 32, addes0xfec0000, GS0-3
[    0.00000ACI: INT_SRC_OVR (bus 0 bus_rq 0 global_irq 2 dfl dfl)
[    0.000000] ACPI: INT_SRC_OVR (bus 0 bus_irq 9 global_irq 9 low level)
[    0.000000] Using ACPI (MADT) for SMP configuration informatio
   0.000000]smpboot: Allowing 2 CPUs, 0 hotplug CPUs
[    0.000000] PM: Registered nosave memory: [mem 0x00000000-0x00000fff]
[    0.000000] PM: Registere nave memory: [mm 009f000-0x09ff
[    0.000000] PM: Registered nosave memory: [mem 0x000a0000-0x000effff]
[    0.000000] PM: Registered nosave memory: [mem 0x000f0000-0x000fffff]
[    0.000000] e820: [mem 0x40000000-0xfebfffff] available for PCI devics
[  00000] Booti pavrtualized kneon KVM
[  000000] ocouce: refined-jiffies: as 0ffffffff x_cls: 0xffffffff, max_idle_ns: 7645519600211568 ns
[    0.000000] setup_percpu: NR_CPUS:512 nr_cpumask_bits:512 nr_cpu_ids:2 nr_node_ids:1
[    0.000000] PERCPU: Embedded 34 pages/cpu @ffff88003fc00000 s99608 r8192 d31464 u1048576
[    0.000000] PV qspinlock hash table entries: 256 (order: 0, 4096 bytes)
[    0.000000] Built 1 zonelists in Node order, mobility grouping on.  Total pages: 257912
[    0.000000] Policy zone: DMA32
[    0.000000] Kernel command line: BOOT_IMAGE=/boot/vmlinuz-4.4.0-137-generic root=LABEL=cloudimg-rootfs ro console=tty1 console=ttyS0
[    0.000000] PID hash table entries: 4096 (order: 3, 32768 bytes)
[    0.000000] Memory: 997708K/1048120K available (8555K kernel code, 1314K rwdata, 4004K rodata, 1528K init, 1316K bss, 50412K reserved, 0K cma-reserved)
[    0.000000] SLUB: HWalign=64, Order=0-3, MinObjects=0, CPUs=2, Nodes=1
[    0.000000] Kernel/User page tables isolation: enabled
[    0.000000] Hierarchical RCU implementation.
[    0.000000] 	Build-time adjustment of leaf fanout to 64.
[    0.000000] 	RCU restricting CPUs from NR_CPUS=512 to nr_cpu_ids=2.
[    0.000000] RCU: Adjusting geometry for rcu_fanot_leaf=64, nr_cpu_ids=2
[    0.00000] NR_IQS3024nrrq440 1
[  0.000000]onsole: olour VGA+ 80x25
[  00000] conletty1] enale
[   0.000000] onle [ttyS0]enle
[    0.000000] tsc: Detected 2303.998 MHz processor
[    5.246360] Calibrating delay loop (skipped) preset value.. 4607.99 BogoMIPS (lpj=9215992)
[    5.247931] pid_max: default: 32768 minimum: 301
[    5.248770] ACPI: Core revision 20150930
[    5.250269] ACPI: 2 ACPI AML tables successfully acquired and loaded
[    5.251472] Security Framework initialized
[    5.252240] Yama: becoming mindful.
[    5.264326] AppArmor: AppArmor initialized
[    5.285667] Dentry cache hash table entries: 131072 (order: 8, 1048576 bytes)
[    5.321325] Inode-cache hash table entries: 65536 (order: 7, 524288 bytes)
[    5.366604] Mount-cache hash table entries: 2048 (order: 2, 16384 bytes)
[    5.386243] Mountpoint-cache hash table entries: 2048 (order: 2, 16384 bytes)
[    5.387566] Initializing cgroup subsys io
[    5.388330] Initializing cgroup subsys memory
[    5.389138] Initializing cgroup subsys devices
[    5.389977] Initializing cgroup subsys freezer
[    5.433281] Initializing cgroup subsys net_cls
[    5.483114] Initializing cgroup subsys perf_event
[    5.533137] Initializing cgroup subsys net_prio
[    5.546479] Initializing cgroup subsys hugetlb
[    5.547308] Initializing cgroup subsys pids
[    5.549703] mce: CPU supports 0 MCE banks
[    5.555973] Last level iTLB entries: 4KB 64, 2MB 8, 4MB 8
[    5.603837] Last level dTLB entries: 4KB 64, 2MB 0, 4MB 0, 1GB 4
[    5.660482] Spectre V2 : Mitigation: Full generic retpoline
[    5.720388] Spectre V2 : Spectre v2 mitigation: Speculation control IBPB not-supported IBRS not-supported
[    5.768204] Spectre V2 : Spectre v2 / SpectreRSB mitigation: Filling RSB on context switch
[    5.769981] Speculative Store Bypass: Vulnerable
[    5.778541] Freeing SMP alternatives memory: 32K
[    5.786884] ftrace: allocating 32265 entries in 127 pages
[    5.853433] smpboot: APIC(0) Converting physical 0 to logical package 0
[    5.910781] smpboot: Max logical packages: 1
[    5.923206] x2apic enabled
[    5.924029] Switched APIC routing to physical x2apic.
[    5.925933] ..TIMER: vector=0x30 apic1=0 pin1=2 apic2=-1 pin2=-1
[    6.093823] smpboot: CPU0: Intel(R) Core(TM) i5-7360U CPU @ 2.30GHz (family: 0x6, model: 0x8e, stepping: 0x9)
[    6.184843] Performance Events: unsupported p6 CPU model 142 no PMU driver, software events only.
[    6.192070] KVM setup paravirtual spinlock
[    6.198996] x86: Booting SMP configuration:
[    6.236087] .... node  #0, CPUs:      #1
[    6.281134] kvm-clock: cpu 1, msr 0:3ffe3041, secondary cpu clock
[    6.283360] mce: CPU supports 0 MCE banks
[    6.285887] x86: Booted up 1 node, 2 CPUs
[    6.326526] smpboot: Total of 2 processors activated (9215.99 BogoMIPS)
[    6.388398] devtmpfs: initialized
[    6.412820] evm: security.selinux
[    6.447689] evm: security.SMACK64
[    6.470796] evm: security.SMACK64EXEC
[    6.488259] evm: security.SMACK64TRANSMUTE
[    6.524328] evm: security.SMACK64MMAP
[    6.563304] evm: security.ima
[    6.579450] evm: security.capability
[    6.604848] clocksource: jiffies: mask: 0xffffffff max_cycles: 0xffffffff, max_idle_ns: 7645041785100000 ns
[    6.658941] futex hash table entries: 512 (order: 3, 32768 bytes)
[    6.660128] pinctrl core: initialized pinctrl subsystem
[    6.698807] RTC time:  9:47:35, date: 12/06/18
[    6.710971] NET: Registered protocol family 16
[    6.723468] cpuidle: using governor ladder
[    6.775692] cpuidle: using governor menu
[    6.818824] PCCT header not found.
[    6.847475] ACPI: bus type PCI registered
[    6.856354] acpiphp: ACPI Hot Plug PCI Controller Driver version: 0.5
[    6.857564] PCI: Using configuration type 1 for base access
[    6.871704] ACPI: Added _OSI(Module Device)
[    6.872631] ACPI: Added _OSI(Processor Device)
[    6.873664] ACPI: Added _OSI(3.0 _SCP Extensions)
[    6.888213] ACPI: Added _OSI(Processor Aggregator Device)
[    6.900214] ACPI: Executed 1 blocks of module-level executable AML code
[    6.923481] ACPI: Interpreter enabled
[    6.936913] ACPI: (supports S0 S5)
[    6.937494] ACPI: Using IOAPIC for interrupt routing
[    6.938383] PCI: Using host bridge windows from ACPI; if necessary, use "pci=nocrs" and report a bug
[    6.986918] ACPI: PCI Root Bridge [PCI0] (domain 0000 [bus 00-ff])
[    7.051782] acpi PNP0A03:00: _OSC: OS supports [ASPM ClockPM Segments MSI]
[    7.094503] acpi PNP0A03:00: _OSC: not requesting OS control; OS requires [ExtendedConfig ASPM ClockPM MSI]
[    7.149064] acpi PNP0A03:00: fail to add MMCONFIG information, can't access extended PCI configuration space under this bridge.
[    7.181284] PCI host bridge to bus 0000:00
[    7.182054] pci_bus 0000:00: root bus resource [io  0x0000-0x0cf7 window]
[    7.183192] pci_bus 0000:00: root bus resource [io  0x0d00-0xffff window]
[    7.255840] pci_bus 0000:00: root bus resource [mem 0x000a0000-0x000bffff window]
[    7.266229] pci_bus 0000:00: root bus resource [mem 0x40000000-0xfdffffff window]
[    7.310997] pci_bus 0000:00: root bus resource [bus 00-ff]
[    7.337102] pci 0000:00:01.1: legacy IDE quirk: reg 0x10: [io  0x01f0-0x01f7]
[    7.383773] pci 0000:00:01.1: legacy IDE quirk: reg 0x14: [io  0x03f6]
[    7.384888] pci 0000:00:01.1: legacy IDE quirk: reg 0x18: [io  0x0170-0x0177]
[    7.386078] pci 0000:00:01.1: legacy IDE quirk: reg 0x1c: [io  0x0376]
[    7.423854] pci 0000:00:07.0: quirk: [io  0x4000-0x403f] claimed by PIIX4 ACPI
[    7.482710] pci 0000:00:07.0: quirk: [io  0x4100-0x410f] claimed by PIIX4 SMB
[    7.547804] ACPI: PCI Interrupt Link [LNKA] (IRQs 5 9 10 *11)
[    7.585149] ACPI: PCI Interrupt Link [LNKB] (IRQs 5 9 *10 11)
[    7.603661] ACPI: PCI Interrupt Link [LNKC] (IRQs 5 *9 10 11)
[    7.654766] ACPI: PCI Interrupt Link [LNKD] (IRQs 5 9 10 *11)
[    7.700192] ACPI: Enabled 2 GPEs in block 00 to 07
[    7.733606] vgaarb: setting as boot device: PCI:0000:00:02.0
[    7.776794] vgaarb: device added: PCI:0000:00:02.0,decodes=io+mem,owns=io+mem,locks=none
[    7.852870] vgaarb: loaded
[    7.853604] vgaarb: bridge control possible 0000:00:02.0
[    7.854818] SCSI subsystem initialized
[    7.881188] ACPI: bus type USB registered
[    7.899826] usbcore: registered new interface driver usbfs
[    7.944031] usbcore: registered new interface driver hub
[    7.945035] usbcore: registered new device driver usb
[    7.947451] PCI: Using ACPI for IRQ routing
[    7.958130] NetLabel: Initializing
[    7.958895] NetLabel:  domain hash size = 128
[    7.967767] NetLabel:  protocols = UNLABELED CIPSOv4
[    7.969287] NetLabel:  unlabeled traffic allowed by default
[    7.972133] amd_nb: Cannot enumerate AMD northbridges
[    7.979834] clocksource: Switched to clocksource kvm-clock
[    7.999978] AppArmor: AppArmor Filesystem Enabled
[    8.001525] pnp: PnP ACPI init
[    8.007065] pnp: PnP ACPI: found 3 devices
[    8.030101] clocksource: acpi_pm: mask: 0xffffff max_cycles: 0xffffff, max_idle_ns: 2085701024 ns
[    8.180341] NET: Registered protocol family 2
[    8.273755] TCP established hash table entries: 8192 (order: 4, 65536 bytes)
[    8.398369] TCP bind hash table entries: 8192 (order: 5, 131072 bytes)
[    8.450248] TCP: Hash tables configured (established 8192 bind 8192)
[    8.564457] UDP hash table entries: 512 (order: 2, 16384 bytes)
[    8.663935] UDP-Lite hash table entries: 512 (order: 2, 16384 bytes)
[    8.665057] NET: Registered protocol family 1
[    8.720108] pci 0000:00:00.0: Limiting direct PCI/PCI transfers
[    8.748368] pci 0000:00:01.0: Activating ISA DMA hang workarounds
[    8.749564] Unpacking initramfs...
[    9.030096] Freeing initrd memory: 14796K
[    9.044050] platform rtc_cmos: registered platform RTC device (no PNP device found)
[    9.045572] Scanning for low memory corruption every 60 seconds
[    9.065813] audit: initializing netlink subsys (disabled)
[    9.072810] audit: type=2000 audit(1544089655.429:1): initialized
[    9.109117] Initialise system trusted keyring
[    9.110155] HugeTLB registered 2 MB page size, pre-allocated 0 pages
[    9.112101] zbud: loaded
[    9.113031] VFS: Disk quotas dquot_6.6.0
[    9.113838] VFS: Dquot-cache hash table entries: 512 (order 0, 4096 bytes)
[    9.115133] squashfs: version 4.0 (2009/01/31) Phillip Lougher
[    9.116366] fuse init (API version 7.23)
[    9.139897] Key type big_key registered
[    9.140678] Allocating IMA MOK and blacklist keyrings.
[    9.142938] Key type asymmetric registered
[    9.153651] Asymmetric key parser 'x509' registered
[    9.200842] Block layer SCSI generic (bsg) driver version 0.4 loaded (major 249)
[    9.202305] io scheduler noop registered
[    9.269425] io scheduler deadline registered (default)
[    9.270381] io scheduler cfq registered
[    9.271204] pci_hotplug: PCI Hot Plug PCI Core version: 0.5
[    9.272201] pciehp: PCI Express Hot Plug Controller Driver version: 0.4
[    9.273481] ACPI: AC Adapter [AC] (on-line)
[    9.274191] input: Power Button as /devices/LNXSYSTM:00/LNXPWRBN:00/input/input0
[    9.275353] ACPI: Power Button [PWRF]
[    9.276014] input: Sleep Button as /devices/LNXSYSTM:00/LNXSLPBN:00/input/input1
[    9.277175] ACPI: Sleep Button [SLPF]
[    9.277900] GHES: HEST is not enabled!
[    9.278594] Serial: 8250/16550 driver, 32 ports, IRQ sharing enabled
[    9.331116] 00:02: ttyS0 at I/O 0x3f8 (irq = 4, base_baud = 115200) is a 16550A
[    9.420175] Linux agpgart interface v0.103
[    9.425737] loop: module loaded
[    9.490100] scsi host0: ata_piix
[    9.559821] scsi host1: ata_piix
[    9.580199] ata1: PATA max UDMA/33 cmd 0x1f0 ctl 0x3f6 bmdma 0xd000 irq 14
[    9.581388] ata2: PATA max UDMA/33 cmd 0x170 ctl 0x376 bmdma 0xd008 irq 15
[    9.582622] libphy: Fixed MDIO Bus: probed
[    9.596600] tun: Universal TUN/TAP device driver, 1.6
[    9.614735] tun: (C) 1999-2004 Max Krasnyansky <maxk@qualcomm.com>
[    9.615825] PPP generic driver version 2.4.2
[    9.616685] ehci_hcd: USB 2.0 'Enhanced' Host Controller (EHCI) Driver
[    9.617783] ehci-pci: EHCI PCI platform driver
[    9.618605] ehci-platform: EHCI generic platform driver
[    9.619528] ohci_hcd: USB 1.1 'Open' Host Controller (OHCI) Driver
[    9.620589] ohci-pci: OHCI PCI platform driver
[    9.621407] ohci-platform: OHCI generic platform driver
[    9.654332] uhci_hcd: USB Universal Host Controller Interface driver
[    9.655470] i8042: PNP: PS/2 Controller [PNP0303:PS2K,PNP0f03:PS2M] at 0x60,0x64 irq 1,12
[    9.657399] serio: i0042 KBD port at 0x60,0x64 irq 1
[    9.817347] serio: i8042 AUX port at 0x60,0x64 irq 12
[    9.894235] mousedev: PS/2 mouse device common for all mice
[    9.895650] input: AT Translated Set 2 keyboard as /devices/platform/i8042/serio0/input/input2
[    9.897288] rtc_cmos rtc_cmos: rtc core: registered rtc_cmos as rtc0
[    9.920108] rtc_cmos rtc_cmos: alarms up to one day, 114 bytes nvram
[    9.921197] i2c /dev entries driver
[    9.921930] device-mapper: uevent: version 1.0.3
[    9.922923] device-mapper: ioctl: 4.34.0-ioctl (2015-10-28) initialised: dm-devel@redhat.com
[    9.976953] ledtrig-cpu: registered to indicate activity on CPUs
[    9.978448] NET: Registered protocol family 10
[   10.016979] NET: Registered protocol family 17
[   10.044280] tsc: Refined TSC clocksource calibration: 2304.818 MHz
[   10.044282] clocksource: tsc: mask: 0xffffffffffffffff max_cycles: 0x2138fc9de05, max_idle_ns: 440795230323 ns
[   10.094216] Key type dns_resolver registered
[   10.095612] registered taskstats version 1
[   10.120755] Loading compiled-in X.509 certificates
[   10.121991] Loaded X.509 cert 'Build time autogenerated kernel key: 20acc96b50ca7641011eace69d32209215a9b56f'
[   10.123740] zswap: loaded using pool lzo/zbud
[   10.126371] Key type trusted registered
[   10.130224] Key type encrypted registered
[   10.131092] AppArmor: AppArmor sha1 policy hashing enabled
[   10.132245] ima: No TPM chip found, activating TPM-bypass!
[   10.138836] ima: Allocated hash algorithm: sha1
[   10.139801] evm: HMAC attrs: 0x1
[   10.141082]   Magic number: 14:675:777
[   10.146009] misc rfkill: hash matches
[   10.157775] rtc_cmos rtc_cmos: setting system clock to 2018-12-06 09:47:39 UTC (1544089659)
[   10.226506] BIOS EDD facility v0.16 2004-Jun-25, 0 devices found
[   10.271059] EDD information not available.
[   10.272939] Freeing unused kernel memory: 1528K
[   10.300109] Write protecting the kernel read-only data: 14336k
[   10.352909] Freeing unused kernel memory: 1672K
[   10.353984] Freeing unused kernel memory: 92K
Loading, please wait...
starting version[   11.270550] random: systemd-udevd: uninitialized urandom read (16 bytes read, 7 bits of entropy available)
 229
[   11.271383] random: udevadm: uninitialized urandom read (16 bytes read, 7 bits of entropy available)
[   11.271401] random: udevadm: uninitialized urandom read (16 bytes read, 7 bits of entropy available)
[   11.279346] random: udevadm: uninitialized urandom read (16 bytes read, 7 bits of entropy available)
[   11.279381] random: udevadm: uninitialized urandom read (16 bytes read, 7 bits of entropy available)
[   11.279481] random: udevadm: uninitialized urandom read (16 bytes read, 7 bits of entropy available)
[   11.279519] random: udevadm: uninitialized urandom read (16 bytes read, 7 bits of entropy available)
[   11.279556] random: udevadm: uninitialized urandom read (16 bytes read, 7 bits of entropy available)
[   11.279592] random: udevadm: uninitialized urandom read (16 bytes read, 7 bits of entropy available)
[   11.279629] random: udevadm: uninitialized urandom read (16 bytes read, 7 bits of entropy available)
[   11.423689] e1000: Intel(R) PRO/1000 Network Driver - version 7.3.21-k8-NAPI
[   11.425004] e1000: Copyright (c) 1999-2006 Intel Corporation.
[   11.426624] Fusion MPT base driver 3.04.20
[   11.427401] Copyright (c) 1999-2008 LSI Corporation
[   11.441944] Fusion MPT SPI Host driver 3.04.20
[   11.447573] AVX2 version of gcm_enc/dec engaged.
[   11.448495] AES CTR mode by8 optimization enabled
[   11.627927] input: ImExPS/2 Generic Explorer Mouse as /devices/platform/i8042/serio1/input/input4
[   11.779458] e1000 0000:00:03.0 eth0: (PCI:33MHz:32-bit) 02:20:67:8c:d5:af
[   11.844588] e1000 0000:00:03.0 eth0: Intel(R) PRO/1000 Network Connection
[   12.184392] e1000 0000:00:08.0 eth1: (PCI:33MHz:32-bit) 08:00:27:23:34:70
[   12.249955] e1000 0000:00:08.0 eth1: Intel(R) PRO/1000 Network Connection
[   12.252401] e1000 0000:00:03.0 enp0s3: renamed from eth0
[   12.256768] mptbase: ioc0: Initiating bringup
[   12.299744] e1000 0000:00:08.0 enp0s8: renamed from eth1
[   12.359707] ioc0: LSI53C1030 A0: Capabilities={Initiator}
[   13.253725] scsi host2: ioc0: LSI53C1030 A0, FwRev=00000000h, Ports=1, MaxQ=256, IRQ=20
[   14.047112] scsi 2:0:0:0: Direct-Access     VBOX     HARDDISK         1.0  PQ: 0 ANSI: 5
[   14.462503] scsi target2:0:0: Beginning Domain Validation
[   14.464604] scsi target2:0:0: Domain Validation skipping write tests
[   14.471196] scsi target2:0:0: Ending Domain Validation
[   14.472268] scsi target2:0:0: asynchronous
[   14.473647] scsi 2:0:1:0: Direct-Access     VBOX     HARDDISK         1.0  PQ: 0 ANSI: 5
[   14.484939] scsi target2:0:1: Beginning Domain Validation
[   14.494379] scsi target2:0:1: Domain Validation skipping write tests
[   15.291259] scsi target2:0:1: Ending Domain Validation
[   15.460043] scsi target2:0:1: asynchronous
[   15.497093] sd 2:0:0:0: [sda] 20971520 512-byte logical blocks: (10.7 GB/10.0 GiB)
[   15.498417] sd 2:0:0:0: [sda] Write Protect is off
[   15.499208] sd 2:0:0:0: [sda] Incomplete mode parameter data
[   15.500055] sd 2:0:0:0: [sda] Assuming drive cache: write through
[   15.501157] sd 2:0:0:0: Attached scsi generic sg0 type 0
[   15.502480]  sda: sda1
[   15.503528] sd 2:0:0:0: [sda] Attached SCSI disk
[   15.504410] sd 2:0:1:0: [sdb] 20480 512-byte logical blocks: (10.5 MB/10.0 MiB)
[   15.505758] sd 2:0:1:0: [sdb] Write Protect is off
[   15.508198] sd 2:0:1:0: Attached scsi generic sg1 type 0
[   15.548527] sd 2:0:1:0: [sdb] Incomplete mode parameter data
[   15.549553] sd 2:0:1:0: [sdb] Assuming drive cache: write through
[   15.552487] sd 2:0:1:0: [sdb] Attached SCSI disk
Begin: Loading e[   16.845725] md: linear personality registered for level -1
ssential drivers ... [   16.916090] md: multipath personality registered for level -4
[   17.051841] md: raid0 personality registered for level 0
[   17.055265] md: raid1 personality registered for level 1
[   17.123918] raid6: sse2x1   gen() 11177 MB/s
[   17.219872] raid6: sse2x1   xor()  9239 MB/s
[   17.332054] raid6: sse2x2   gen() 15252 MB/s
[   17.444402] raid6: sse2x2   xor() 10594 MB/s
[   17.556003] raid6: sse2x4   gen() 17294 MB/s
[   17.648038] raid6: sse2x4   xor() 11833 MB/s
[   17.736063] raid6: avx2x1   gen() 24756 MB/s
[   17.804321] raid6: avx2x2   gen() 18747 MB/s
[   17.876067] raid6: avx2x4   gen() 31039 MB/s
[   17.901371] raid6: using algorithm avx2x4 gen() 31039 MB/s
[   17.948122] raid6: using avx2x2 recovery algorithm
[   17.987142] xor: automatically using best checksumming function:
[   18.032586]    avx       : 48996.000 MB/sec
[   18.110958] async_tx: api initialized (async)
[   18.118059] md: raid6 personality registered for level 6
[   18.119013] md: raid5 personality registered for level 5
[   18.121115] md: raid4 personality registered for level 4
[   18.126255] md: raid10 personality registered for level 10
done.
Begin: Running /scripts/init-premount ...[   18.150680] Btrfs loaded
 done.
Begin: Mounting root file system ... Begin: Running /scripts/local-top ... done.
Begin: Running /scripts/local-premount ... Scanning for Btrfs filesystems
[   18.187174] EXT4-fs (sda1): mounted filesystem with ordered data mode. Opts: (null)
done.
Warning: fsck not present, so skipping root file system
done.
Begin: Running /scripts/local-bottom ... done.
Begin: Running /scripts/init-bottom ... done.
[   18.433513] systemd[1]: systemd 229 running in system mode. (+PAM +AUDIT +SELINUX +IMA +APPARMOR +SMACK +SYSVINIT +UTMP +LIBCRYPTSETUP +GCRYPT +GNUTLS +ACL +XZ -LZ4 +SECCOMP +BLKID +ELFUTILS +KMOD -IDN)
[   18.436025] systemd[1]: Detected virtualization oracle.
[   18.436837] systemd[1]: Detected architecture x86-64.

Welcome to [1mUbuntu 16.04.5 LTS[0m!

[   18.480498] systemd[1]: Set hostname to <ubuntu>.
[   18.550911] systemd[1]: Initializing machine ID from random generator.
[   18.675921] systemd[1]: Installed transient /etc/machine-id file.
[   18.923271] systemd[1]: Reached target User and Group Name Lookups.
[[0;32m  OK  [0m] Reached target User and Group Name Lookups.
[   18.925292] systemd[1]: Listening on Journal Audit Socket.
[[0;32m  OK  [0m] Listening on Journal Audit Socket.
[   18.926852] systemd[1]: Listening on Journal Socket.
[[0;32m  OK  [0m] Listening on Journal Socket.
[   18.928343] systemd[1]: Reached target Encrypted Volumes.
[[0;32m  OK  [0m] Reached target Encrypted Volumes.
[   18.929915] systemd[1]: Listening on udev Kernel Socket.
[[0;32m  OK  [0m] Listening on udev Kernel Socket.
[   18.667588] systemd[1]: Listening on Device-mapper event daemon FIFOs.
[[0;32m  OK  [0m] Listening on Device-mapper event daemon FIFOs.
[   19.084855] systemd[1]: Listening on LVM2 poll daemon socket.
[[0;32m  OK  [0m] Listening on LVM2 poll daemon socket.
[   19.243193] systemd[1]: Reached target Swap.
[[0;32m  OK  [0m] Reached target Swap.
[   19.244945] systemd[1]: Reached target System Time Synchronized.
[[0;32m  OK  [0m] Reached target System Time Synchronized.
[   19.275462] systemd[1]: Listening on Syslog Socket.
[[0;32m  OK  [0m] Listening on Syslog Socket.
[   19.291162] systemd[1]: Listening on udev Control Socket.
[[0;32m  OK  [0m] Listening on udev Control Socket.
[   19.504671] systemd[1]: Started Forward Password Requests to Wall Directory Watch.
[[0;32m  OK  [0m] Started Forward Password Requests to Wall Directory Watch.
[   19.772559] systemd[1]: Listening on /dev/initctl Compatibility Named Pipe.
[[0;32m  OK  [0m] Listening on /dev/initctl Compatibility Named Pipe.
[   19.940369] systemd[1]: Set up automount Arbitrary Executable File Formats File System Automount Point.
[[0;32m  OK  [0m] Set up automount Arbitrary Executab...ats File System Automount Point.
[   19.976679] systemd[1]: Created slice User and Session Slice.
[[0;32m  OK  [0m] Created slice User and Session Slice.
[   19.997801] systemd[1]: Created slice System Slice.
[[0;32m  OK  [0m] Created slice System Slice.
[   20.076581] systemd[1]: Mounting Debug File System...
[   20.131037] random: nonblocking pool is initialized
         Mounting Debug File System...
[   20.196400] systemd[1]: Mounting POSIX Message Queue File System...
         Mounting POSIX Message Queue File System...
[   20.252636] systemd[1]: Starting Uncomplicated firewall...
         Starting Uncomplicated firewall...
[   20.332344] systemd[1]: Mounting Huge Pages File System...
         Mounting Huge Pages File System...
[   20.472381] systemd[1]: Starting Nameserver information manager...
         Starting Nameserver information manager...
[   20.532406] systemd[1]: Starting Load Kernel Modules...
         Starting Load Kernel Modules...
[   20.536124] systemd[1]: Starting Remount Root and Kernel File Systems...
         Starting Remount Root and Kernel File Systems...
[   20.539127] EXT4-fs (sda1): re-mounted. Opts: (null)
[   20.540198] Loading iSCSI transport class v2.0-870.
[   20.589331] systemd[1]: Listening on LVM2 metadata daemon socket.
[[0;32m  OK  [0m] Listening on LVM2 metadata daemon socket.
[   20.592470] systemd[1]: Starting Monitoring of LVM2 mirrors, snapshots etc. using dmeventd or progress polling...
         Starting Monitoring of LVM2 mirrors... dmeventd or progress polling...
[   20.597867] iscsi: registered transport (tcp)
[   20.598579] systemd[1]: Starting Create list of required static device nodes for the current kernel...
         Starting Create list of required st... nodes for the current kernel...
[   20.609667] systemd[1]: Created slice system-serial\x2dgetty.slice.
[[0;32m  OK  [0m] Created slice system-serial\x2dgetty.slice.
[   20.613328] systemd[1]: Started Trigger resolvconf update for networkd DNS.
[[0;32m  OK  [0[   20.618188] iscsi: registered transport (iser)
m] Started Trigger resolvconf update for networkd DNS.
[   20.773257] systemd[1]: Starting Set console keymap...
         Starting Set console keymap...
[   2.871] systemd[: ached target Slices.

[[0;32m  OK  [0m] Reached target Slices.
[   21.032941] systemd[1]: Listening on Journal Socket (/dev/log).
[[0;32m  OK  [0m] Listening on Journal Socket (/dev/log).
[   21.056754] systemd[1]: Starting Journal Service...
         Starting Journal Service...
[   21.074618] systemd[1]: Mounted Huge Pages File System.
[[0;32m  OK  [0m] Mounted Huge Pages File System.
[   21.088366] systemd[1]: Mounted POSIX Message Queue File System.
[[0;32m  OK  [0m] Mounted POSIX Message Queue File System.
[   21.137862] systemd[1]: Mounted Debug File System.
[[0;32m  OK  [0m] Mounted Debug File System.
[   21.139968] systemd[1]: Started Journal Service.
[[0;32m  OK  [0m] Started Journal Service.
[[0;32m  OK  [0m] Started Uncomplicated firewall.
[[0;32m  OK  [0m] Started Load Kernel Modules.
[[0;32m  OK  [0m] Started Remount Root and Kernel File Systems.
[[0;32m  OK  [0m] Started Create list of required sta...ce nodes for the current kernel.
[[0;32m  OK  [0m] Started Set console keymap.
[[0;32m  OK  [0m] Started Nameserver information manager.
[[0;32m  OK  [0m] Started LVM2 metadata daemon.
         Starting Create Static Device Nodes in /dev...
         Starting Load/Save Random Seed...
         Starting udev Coldplug all Devices...
         Starting Apply Kernel Variables...
         Mounting FUSE Control File System...
         Starting Flush Journal to Persistent Storage...
[[0;32m  OK  [0m] Started Create Static Device Nodes in /dev.
[[0;32m  OK  [0m] Started Load/Save Random Seed.
[[0;32m  OK  [0m] Started Apply Kernel Variables.
[[0;32m  OK  [0m] Mounted FUSE Control File System.
[[0;32m  OK  [0m] Started Flush Journal to Persistent Storage.
[[0;32m  OK  [0m] Started udev Coldplug all Devices.
         Starting udev Kernel Device Manager...
[[0;32m  OK  [0m] Started udev Kernel Device Manager.
[[0;32m  OK  [0m] Started Dispatch Password Requests to Console Directory Watch.
[[0;32m  OK  [0m] Found device /dev/ttyS0.
[[0;32m  OK  [0m] Listening on Load/Save RF Kill Switch Status /dev/rfkill Watch.
[[0;32m  OK  [0m] Started Monitoring of LVM2 mirrors,...ng dmeventd or progress polling.
[[0;32m  OK  [0m] Reached target Local File Systems (Pre).
[[0;32m  OK  [0m] Reached target Local File Systems.
         Starting Initial cloud-init job (pre-networking)...
         Starting Commit a transient machine-id on disk...
         Starting Set console font and keymap...
         Starting Tell Plymouth To Write Out Runtime Data...
         Starting Create Volatile Files and Directories...
         Starting LSB: AppArmor initialization...
[[0;32m  OK  [0m] Started Commit a transient machine-id on disk.
[[0;32m  OK  [0m] Started Create Volatile Files and Directories.
[[0;32m  OK  [0m] Started Tell Plymouth To Write Out Runtime Data.
         Starting Update UTMP about System Boot/Shutdown...
[[0;32m  OK  [0m] Started Update UTMP about System Boot/Shutdown.
[[0;32m  OK  [0m] Started Set console font and keymap.
[[0;32m  OK  [0m] Created slice system-getty.slice.
[   15.512319] cloud-init[598]: Cloud-init v. 18.3-9-g2e62cb8a-0ubuntu1~16.04.2 running 'init-local' at Thu, 06 Dec 2018 09:47:52 +0000. Up 15.20 seconds.
[[0;32m  OK  [0m] Started Initial cloud-init job (pre-networking).
[[0;32m  OK  [0m] Reached target Network (Pre).
[[0;32m  OK  [0m] Started LSB: AppArmor initialization.
         Starting Raise network interfaces...
[[0;32m  OK  [0m] Started Raise network interfaces.
         Starting Initial cloud-init job (metadata service crawler)...
[[0;32m  OK  [0m] Reached target Network.
[   16.527918] cloud-init[936]: Cloud-init v. 18.3-9-g2e62cb8a-0ubuntu1~16.04.2 running 'init' at Thu, 06 Dec 2018 09:47:52 +0000. Up 16.11 seconds.
[   16.531916] cloud-init[936]: ci-info: ++++++++++++++++++++++++++++++++++++++Net device info+++++++++++++++++++++++++++++++++++++++
[   16.534106] cloud-init[936]: ci-info: +--------+-------+----------------------------+---------------+--------+-------------------+
[   16.536502] cloud-init[936]: ci-info: | Device |   Up  |          Address           |      Mask     | Scope  |     Hw-Address    |
[   16.538684] cloud-init[936]: ci-info: +--------+-------+----------------------------+---------------+--------+-------------------+
[   16.548901] cloud-init[936]: ci-info: | enp0s3 |  True |         10.0.2.15          | 255.255.255.0 | global | 02:20:67:8c:d5:af |
[   16.551404] cloud-init[936]: ci-info: | enp0s3 |  True | fe80::20:67ff:fe8c:d5af/64 |       .       |  link  | 02:20:67:8c:d5:af |
[   16.553677] cloud-init[936]: ci-info: | enp0s8 | False |             .              |       .       |   .    | 08:00:27:23:34:70 |
[   16.555808] cloud-init[936]: ci-info: |   lo   |  True |         127.0.0.1          |   255.0.0.0   |  host  |         .         |
[   16.557980] cloud-init[936]: ci-info: |   lo   |  True |          ::1/128           |       .       |  host  |         .         |[[0;32m  OK  [0m] Started Initial cloud-init job (metadata service crawler).
[[0;32m  OK  [0m] Reached target Network is Online.

         Starting iSCSI initiator daemon (iscsid)...
[[0;32m  OK  [0m] Reached target System Initialization.
[[0;32m  OK  [0m] Listening on D-Bus System Message Bus Socket.
[[0;32m  OK  [0m] Listening on ACPID Listen Socket.
[[0;32m  OK  [0m] Started Daily Cleanup of Temporary Directories.
[   16.721657] cloud-init[936]: ci-info: +--------+-------+----------------------------+---------------+--------+-------------------+
[   17.621233] [cloud-init[0;32m  OK  [0m[936]: ] ci-info: +++++++++++++++++++++++++++Route IPv4 info++++++++++++++++++++++++++++Started Daily apt download activities.

[   17.816391] [[0;32m  OK  [0m] Started Daily apt upgrade and clean activities.
[[0;32m  OK  [0m] Reached target Timers.
cloud-init[936]: ci-info: +-------+-------------+----------+---------------+-----------+-------+
[   17.883647]          Starting LXD - unix socket.
cloud-init[936]: ci-info: | Route | Destination | Gateway  |    Genmask    | Interface | Flags |
[   17.889250]          cloud-initStarting Socket activation for snappy daemon.[936]: 
ci-info: +-------+-------------+----------+---------------+-----------+-------+
[   17.968743] [[0;32m  OK  [0m] Started ACPI Events Check.
cloud-init[[0;32m  OK  [0m] Reached target Paths.
[936]: [[0;32m  OK  [0m] Listening on UUID daemon activation socket.
[[0;32m  OK  [0m] Reached target Cloud-config availability.
ci-info: |   0   |   0.0.0.0   | 10.0.2.2 |    0.0.0.0    |   enp0s3  |   UG  |
[   17.973014] cloud-init[936]: ci-info: |   1   |   10.0.2.0  | 0.0.0.0  | 255.255.255.0 |   enp0s3  |   U   |
[   18.116393] [[0;32m  OK  [0m] Listening on LXD - unix socket.
[[0;32m  OK  [0m] Listening on Socket activation for snappy daemon.
[[0;32m  OK  [0m] Started iSCSI initiator daemon (iscsid).
cloud-init[936]: ci-info: +-------+-------------+----------+---------------+-----------+-------+
[   18.120360] cloud-init[936]: ci-info: +++++++++++++++++++Route IPv6 info+++++++++++++++++++
[   18.121929] cloud-init[936]: ci-info: +-------+-------------+---------+-----------+-------+
[   18.156661]          Starting Login to default iSCSI targets...
[[0;32m  OK  [0m] Reached target Sockets.
[[0;32m  OK  [0m] Reached target Basic System.
         Starting Accounts Service...
         Starting LXD - container startup/shutdown...
         Starting Virtualbox guest utils...
         Starting Login Service...
         Starting LSB: MD monitoring daemon...
cloud-init[936]: ci-info: | Route | Destination | Gateway | Interface | Flags |
[   18.168827] [[0;32m  OK  [0m] Started Regular background program processing daemon.
cloud-init[936]: ci-info: +-------+-------------+---------+-----------+-------+
[   18.208290]          Starting Snappy daemon...
cloud-init[936]: ci-info: |   0   |  fe80::/64  |    ::   |   enp0s3  |   U   |
         Starting /etc/rc.local Compatibility...
[   18.225105] cloud-init[936]: ci-info: |   3   |   ff00::/8  |    ::   |   enp0s3  |   U   |
[   18.300242] [[0;32m  OK  [0m] Started FUSE filesystem for LXC.
cloud-init[936]: ci-info: +-------+-------------+---------+-----------+-------+
[   18.364838] [[0;32m  OK  [0m] Started Deferred execution scheduler.
cloud-init[936]: Generating public/private rsa key pair.
[   18.367030] cloud-init[936]: Your identification has been saved in /etc/ssh/ssh_host_rsa_key.
[   18.368633] cloud-init[936]: Your public key has been saved in /etc/ssh/ssh_host_rsa_key.pub.
[   18.370211] cloud-init[936]: The key fingerprint is:
[   18.371395] cloud-init[936]: SHA256:ZDswZiNBm3v3X9mbEYqR0gYCb/rfqi0RQDFL7mTSLI4 root@ubuntu-xenial
[   18.373029] cloud-init[936]: The key's randomart image is:
[   18.374252] cloud-init[936]: +---[RSA 2048]----+
[   18.404857] [cloud-init[0;32m  OK  [0m[936]: ] |   .+*.          |Started D-Bus System Message Bus.

[   18.512380] [cloud-init[0;32m  OK  [0m[936]: ] |    ===          |Started ACPI event daemon.

[   18.596330]          Starting LSB: Record successful boot for GRUB...
cloud-init[936]: |   o+BB+o.       |
[   18.608317] cloud-init[936]: |  o *=oB..o .    |
[   18.657491]          Starting System Logging Service...
cloud-init[936]: | E ..o. S. =   . |
[   18.716539]          Starting Pollinate to seed the pseudo random number generator...
[[0;32m  OK  [0m] Started Unattended Upgrades Shutdown.
cloud-init[936]: |     ..o oo o .o.|
[   18.719424] [[0;32m  OK  [0m] Started Snappy daemon.
[[0;32m  OK  [0m] Started System Logging Service.
[[0;32m  OK  [0m] Started LXD - container startup/shutdown.
[[0;32m  OK  [0m] Started /etc/rc.local Compatibility.
cloud-init[936]: |       .. .. .o..|
[   18.723038] cloud-init[936]: |       .o .. .  +|
[   18.724571] cloud-init[936]: |       .o+...  o |
[   18.726024] cloud-init[936]: +----[SHA256]-----+
[   18.727349] cloud-init[936]: Generating public/private dsa key pair.
[   18.728804] cloud-init[936]: Your identification has been saved in /etc/ssh/ssh_host_dsa_key.
[   18.730483] cloud-init[936]: Your public key has been saved in /etc/ssh/ssh_host_dsa_key.pub.
[   18.742201] cloud-init[936]: The key fingerprint is:
[   18.746751] [[0;32m  OK  [0m] Started Login to default iSCSI targets.
cloud-init[936]: SHA256:ko+maRIlMyOJSfA65iOFCVa8jNH4oMreXcKqzt2vUKo root@ubuntu-xenial
[   18.749158] cloud-init[936]: The key's randomart image is:
[   18.751199] cloud-init[936]: +---[DSA 1024]----+[[0;32m  OK  [0m] Started LSB: MD monitoring daemon.

[   18.766984] cloud-init[936]: |o +.             |[[0;32m  OK  [0m] Started Login Service.

[   18.775620] cloud-init[936]: | *.o             |
[   18.804523]          cloud-initStarting Authenticate and Authorize Users to Run Privileged Tasks...[936]: 
|=+B .            |
[   18.815821] [[0;32m  OK  [0m] Reached target Remote File Systems (Pre).
[[0;32m  OK  [0m] Reached target Remote File Systems.
cloud-init[936]: |O==+.  .         |
[   18.817743] cloud-init[936]: |Bo.*..o S        |
[   18.818747] cloud-init[936]: |++. oo =         |
[   18.819701] cloud-init[936]: |oo.+o = .        |
[   18.860380]          Starting LSB: automatic crash report generation...
cloud-init[936]: |o.=o+=           |
[   18.862132] cloud-init[936]: |.E.+ooo.         |
[   18.863290] cloud-init[936]: +----[SHA256]-----+
[   18.917088]          cloud-initStarting LSB: daemon to balance interrupts for SMP systems...[936]: 
Generating public/private ecdsa key pair.
         Starting LSB: Set the CPU Frequency Scaling governor to "ondemand"...
[   18.967841] cloud-init[936]: Your identification has been saved in /etc/ssh/ssh_host_ecdsa_key.
[   18.972705] cloud-init[936]: Your public key has been saved in /etc/ssh/ssh_host_ecdsa_key.pub.
[   18.974375] cloud-init[936]: The key fingerprint is:
[   18.975653] cloud-init[936]: SHA256:B5nW0KbrAUGKuWQiNqyK6aFVR2xT+4uYa7geZYbobVA root@ubuntu-xenial
[   18.988660]          cloud-initStarting Permit User Sessions...[936]: 
The key's randomart image is:
[   19.016974]          cloud-initStarting Wait until snapd is fully seeded...[936]: 
+---[ECDSA 256]---+
[   19.033757] [[0;32m  OK  [0m] Started Virtualbox guest utils.
cloud-init[936]: [[0;32m  OK  [0m] Started LSB: Record successful boot for GRUB.
|     .. o.       |[[0;32m  OK  [0m] Started Pollinate to seed the pseudo random number generator.
[[0;32m  OK  [0m] Started Permit User Sessions.
[[0;32m  OK  [0m] Started Authenticate and Authorize Users to Run Privileged Tasks.
[[0;32m  OK  [0m] Started Accounts Service.

[   19.038793] cloud-init[936]: |.  o o.. *o      |
[   19.040160] cloud-init[936]: |o+= E =.*o.      |
[   19.041464] cloud-init[936]: |++.+ +.o.o       |
[   19.056107] [cloud-init[0;32m  OK  [0m[936]: ] |. + o =.S.o      |Started LSB: Set the CPU Frequency Scaling governor to "ondemand".

[   19.056664] cloud-init[936]: |oo + = ooo .     |
[[0;32m  OK  [0m] Started LSB: automatic crash report generation.
[[0;32m  OK  [0m] Started LSB: daemon to balance interrupts for SMP systems.
[   19.186266] cloud-init[936]: |+.o +.o....      |
[   19.267302] cloud-init[936]: |o........        |
[   19.268592] cloud-init[936]: |.. .oo.          |
[   19.272550] cloud-init[936]: +----[SHA256]-----+
[   19.286028]          Starting Hold until boot process finishes up...
         Starting Terminate Plymouth Boot Screen...
cloud-init[936]:          Starting OpenBSD Secure Shell server...
Generating public/private ed25519 key pair.
[   19.289888] [[0;32m  OK  [0m] Started Hold until boot process finishes up.
cloud-init[936]: Your identification has been saved in /etc/ssh/ssh_host_ed25519_key.
[   19.292111] cloud-init[936]: Your public key has been saved in /etc/ssh/ssh_host_ed25519_key.pub.
[   19.293929] cloud-init[[0;32m  OK  [0m] Started Getty on tty1.
[936]: The key fingerprint is:         Starting Set console scheme...
[[0;32m  OK  [0m] Started Serial Getty on ttyS0.
[[0;32m  OK  [0m] Reached target Login Prompts.

[   19.299897] cloud-init[936]: SHA256:SVHus90JX+ss6+PK4JGbTaW1gw+q7crJjyvBGc2oiiQ root@ubuntu-xenial
[   19.307333] [[0;32m  OK  [0m] Started Set console scheme.
cloud-init[[0;32m  OK  [0m] Started Terminate Plymouth Boot Screen.
[936]: The key's randomart image is:
[   19.309991] cloud-init[936]: +--[ED25519 256]--+
[   19.311327] cloud-init[936]: |        ...      |
[   19.312654] cloud-init[936]: |         o       |
[   19.315335] cloud-init[936]: |      + . .      |
[   19.316930] cloud-init[936]: |     o + o       |
[   19.319105] cloud-init[936]: |    o o S o .o  .|
[   19.322122] cloud-init[936]: |E. . +    .+=+.o.|
[   19.322379] cloud-init[936]: |+ .   .  +.=.o+. |
[   19.322735] cloud-init[936]: |..   .o = X oo+  |
[   19.322881] cloud-init[936]: |      .O*O ++=+o |
[   19.323031] cloud-init[936]: +----[SHA256]-----+
[[0;32m  OK  [0m] Started OpenBSD Secure Shell server.
[[0;32m  OK  [0m] Started Wait until snapd is fully seeded.
         Starting Apply the settings specified in cloud-config...
[[0;32m  OK  [0m] Reached target Multi-User System.
[[0;32m  OK  [0m] Reached target Graphical Interface.
         Starting Update UTMP about System Runlevel Changes...
[[0;32m  OK  [0m] Started Update UTMP about System Runlevel Changes.
[[0;32m  OK  [0m] Created slice User Slice of vagrant.
         Starting User Manager for UID 1000...
[[0;32m  OK  [0m] Started Session 1 of user vagrant.
[[0;32m  OK  [0m] Started User Manager for UID 1000.
[   20.464132] cloud-init[1263]: Generating locales (this might take a while)...
[   21.134306] cloud-init[1263]:   en_US.UTF-8... done
[   21.200536] cloud-init[1263]: Generation complete.
[   21.411559] cloud-init[1263]: Cloud-init v. 18.3-9-g2e62cb8a-0ubuntu1~16.04.2 running 'modules:config' at Thu, 06 Dec 2018 09:47:57 +0000. Up 20.35 seconds.
[[0;32m  OK  [0m] Started Apply the settings specified in cloud-config.
         Starting Execute cloud user/final scripts...
         Stopping User Manager for UID 1000...
[[0;32m  OK  [0m] Stopped User Manager for UID 1000.
[[0;32m  OK  [0m] Removed slice User Slice of vagrant.
ci-info: no authorized ssh keys fingerprints found for user ubuntu.
<14>Dec  6 09:47:58 ec2: 
<14>Dec  6 09:47:58 ec2: #############################################################
<14>Dec  6 09:47:58 ec2: -----BEGIN SSH HOST KEY FINGERPRINTS-----
<14>Dec  6 09:47:58 ec2: 1024 SHA256:ko+maRIlMyOJSfA65iOFCVa8jNH4oMreXcKqzt2vUKo root@ubuntu-xenial (DSA)
<14>Dec  6 09:47:58 ec2: 256 SHA256:B5nW0KbrAUGKuWQiNqyK6aFVR2xT+4uYa7geZYbobVA root@ubuntu-xenial (ECDSA)
<14>Dec  6 09:47:58 ec2: 256 SHA256:SVHus90JX+ss6+PK4JGbTaW1gw+q7crJjyvBGc2oiiQ root@ubuntu-xenial (ED25519)
<14>Dec  6 09:47:58 ec2: 2048 SHA256:ZDswZiNBm3v3X9mbEYqR0gYCb/rfqi0RQDFL7mTSLI4 root@ubuntu-xenial (RSA)
<14>Dec  6 09:47:58 ec2: -----END SSH HOST KEY FINGERPRINTS-----
<14>Dec  6 09:47:58 ec2: #############################################################
-----BEGIN SSH HOST KEY KEYS-----
ecdsa-sha2-nistp256 AAAAE2VjZHNhLXNoYTItbmlzdHAyNTYAAAAIbmlzdHAyNTYAAABBBCNQBb69wxSBJkM8EneroScPlNwiOgg6Dcs/CdD7KtRl6ppTvK7YiQJDeLwqQTYRpUCIvFA4vK8RsuugHp5xgRY= root@ubuntu-xenial
ssh-ed25519 AAAAC3NzaC1lZDI1NTE5AAAAILKUBULXwgDw0LwiyrYfpS+XfFbQRS2g1DsCunIAGzpp root@ubuntu-xenial
ssh-rsa AAAAB3NzaC1yc2EAAAADAQABAAABAQCvp6jx8qKg5pat8ov7t0mR2An0zJOk5wAMX2+BFKHVnEcctXwyLiHbDIUViStlcpkMI+RhAQNmzwX3QbBBKJjaO7X5HTWllu08BGzgZACcf9Vc3pTCF1cpLpUvVMdhRwFgUFLp6hMyTubIhr4K4igymcusTODy56/g7ok8hF7d2+9A54mccFI3TMvxM6GlJAS4dpYl2MpR4FbL5a0J4mpJthPTK51bqniXJ3I+nyjQuAwC2heHdFzPTOXzSl5CNa3effsRum5l6XATQ2mQCoLA6fzEqKNoguvukpS0MHdF3uDKFtGT8zZc7XiAjDn/ggTHbOZ+ys/LYV8nF2T3ZmVz root@ubuntu-xenial
-----END SSH HOST KEY KEYS-----
[[0;32m  OK  [0m] Created slice User Slice of vagrant.
[   22.095205] cloud-init[1467]: Cloud-init v. 18.3-9-g2e62cb8a-0ubuntu1~16.04.2 running 'modules:final' at Thu, 06 Dec 2018 09:47:58 +0000. Up 21.67 seconds.
[   22.127565] cloud-init[1467]: ci-info: no authorized ssh keys fingerprints found for user ubuntu.
[   22.129294] cloud-init[1467]: Cloud-init v. 18.3-9-g2e62cb8a-0ubuntu1~16.04.2 finished at Thu, 06 Dec 2018 09:47:58 +0000. Datasource DataSourceNoCloud [seed=/dev/sdb][dsmode=net].  Up 22.08 seconds
         Starting User Manager for UID 1000...
[[0;32m  OK  [0m] Started User Manager for UID 1000.
[[0;32m  OK  [0m] Started Session 2 of user vagrant.
[[0;32m  OK  [0m] Started Execute cloud user/final scripts.
[[0;32m  OK  [0m] Reached target Cloud-init target.

Ubuntu 16.04.5 LTS ubuntu-xenial ttyS0

ubuntu-xenial login: 